462.98,577.02,3.393
1110,459.03,4.27
760,827.06,3.463
25.034,1437.9,1.274
1153,351.05,4.301
473.97,699.01,3.168
454.99,548.98,3.561
1807.9,1284,1.045
1005,1200,1.206
1028,569.03,4.152
565,360.02,3.691
669.99,282.05,3.814
527,541.01,3.623
667.04,240.04,3.818
1138.9,1410.9,0.772
878.02,1259,0.819
743.09,565.05,3.863
549.01,233.04,3.709
1770,203.06,3.146
1589,630.03,3.334
109.98,1118,1.5
1057,607.01,4.18
1209,1112,1.47
601.02,321.03,3.738
1760.1,1164.9,2.146
547.01,174.02,3.719
781.96,526.02,3.912
989.03,467.03,4.137
1828,105.04,3.105
1056,1019.1,1.226
854,1074.1,1.304
489,448.03,3.6
451.01,501.02,3.568
1183,630.02,4.309
517,314.02,3.662
1210,440.01,4.352
1289,907.08,2.062
1007,557.04,4.133
1160,555.03,4.277
579.08,1300,0.671
1718,1200,1.14
616.01,204.03,3.771
804,920.04,1.416
496.97,516.01,3.6
524.98,496.04,3.629
591.99,201.07,3.752
1351,991.99,2.199
991.99,287.03,4.148
936,539.04,4.066
630.02,242,3.779
849,1040.1,1.316
666.99,1086,1.042
605.99,1027,1.215
803.01,653.02,3.879
920.97,646.03,4.023
902.03,1387,0.668
585.05,286.02,3.732
1126,1161,1.294
477.02,538.02,3.58
687.99,1088,1.078
981.04,1115,1.231
652.04,366.05,3.785
616,365.03,3.744
280.05,418.96,2.189
634.99,268.03,3.785
1250,1058,1.556
1258.9,921.96,1.555
1776,1270,1.025
1268.1,1010.1,1.581
451.97,1037.1,2.287
1913,749.95,2.277
1153,1060.1,1.323
646.98,219.03,3.797
832.03,1231,0.845
453,351.96,3.588
766.04,480.05,3.9
552.97,1206,0.716
585.01,177.03,3.75
526,338.01,3.66
938.99,487.05,4.078
766.06,458.05,3.902
481.99,105.02,3.678
833.05,487.07,3.977
625.02,329.98,3.76
743,644.02,3.613
1739,1385,0.829
436.03,1154,0.772
586,482,3.691
610,272.04,3.756
547.03,499.98,3.65
503.99,375,3.631
1105,1254,0.968
643.01,447,3.762
532.04,297.05,3.68
595.01,353.03,3.725
1135,1042,1.262
1131,1133.1,1.298
593.02,504.98,3.695
383.99,380.99,3.545
718.03,988.98,1.237
610.01,403.99,3.729
1306.1,1019.1,1.569
772,639.04,3.867
1772,158.02,3.17
762.96,1013,1.201
517.95,256.01,3.678
556.99,1178,0.758
1015,187.02,4.16
377.02,443.97,3.496
549.01,267.07,3.701
930,579,4.047
464,297.1,3.619
519.98,516.05,3.621
600.01,224.01,3.756
1686,1283,0.933
1176.1,504.98,4.305
583,400.08,3.707
1208,1006,1.434
1119,989.98,1.223
1269,901.03,1.601
511,396.07,3.633
1470,1048,1.889
1589,1250,1.034
449.03,1306,0.645
1636,1195.1,1.076
575.02,530.05,3.676
1761,1223,1.986
560.01,338.02,3.697
1125,953.05,1.225
585.99,549.07,3.68
494,1208,0.699
1343.1,764.06,4.102
1224.9,1132,1.517
947,1079,1.253
1194,755.02,3.871
256.04,1090,1.538
1538,634.98,3.488
1446,890.02,3.777
362.99,1184,0.715
592.96,1275,0.686
889.96,215.05,4.047
495.99,470.02,3.604
609.01,1049,1.136
282.03,494.01,2.199
390.97,1141,0.79
584.99,1087,1.009
1599,1282.1,1.004
530.04,473.98,3.641
1883,665.06,2.35
1232,575.98,4.375
402.01,1160,0.752
1915,595.05,2.447
1696,1194,1.085
75.015,1423,0.722
1244,404.03,4.41
615.95,983,1.69
1075,564.05,4.207
488.01,494.03,3.594
638.99,421,3.76
743.97,346.99,3.891
967.98,388.06,4.125
503.04,1289,0.66
503.03,338.03,3.641
673.99,1183,0.815
932.02,1021,1.277
809.94,457.01,3.955
1463.9,1071,1.245
520,1093,0.96
637.01,381.03,3.764
142.98,974.04,1.513
623.02,440.05,3.74
1050,830.02,3.768
577.98,1123,0.886
1828.1,764.03,2.26
938.03,1367.1,0.7
1663,1003.1,2.02
646.02,1021,1.209
1118,736.02,4.16
553.99,532.05,3.65
553.02,1277.1,0.677
1577,1208,1.061
367.98,1141,0.785
824.99,785,3.979
1344.9,869.03,3.721
1258,970.02,1.566
951.01,1058.1,1.259
1105,1101,1.235
1896,729.99,2.303
481,226.96,3.65
280.09,1087,1.627
876.99,1315,0.748
530.01,1139,0.82
1670,928,3.035
749.01,1080,1.139
1258,950.04,1.566
1530,1193,1.09
1866,568.03,2.9
413.98,1139,0.795
1735,304.96,3.18
907.97,1320,0.747
1570,1434,1.021
1130,901.01,1.238
906.99,593.02,4.02
1575,1355.1,1.021
1235,755.01,4.168
515.01,226.04,3.684
1545,1134,1.131
830.93,1202,0.894
255.96,1223,1.119
459.95,817.06,3.154
898.03,494.02,4.039
913.04,1355,0.703
788,977,1.308
1570.1,1187.1,1.073
1080,526.02,4.223
1060,519.02,4.199
1918,721.98,2.281
1134,1385,0.794
444,144.03,3.639
1073,1357,0.758
1912,886,2.27
713.98,1355,0.674
493.98,315.03,3.643
932.03,1043.1,1.271
1265,706.05,4.172
1884,1051,2.33
781.06,501.04,3.916
1010,1363,0.72
928.02,55.01,4.066
480.98,375.04,3.611
1015,433.03,4.164
628.01,861.02,3.264
274.98,1110,1.5
375,419.02,3.523
1642,1157,1.136
444.01,520.04,3.559
719.99,640.03,3.775
1291,773.01,4.082
988.02,391.01,4.145
1312,863.04,3.234
767.01,1124,1.077
1011,211.03,4.164
1513.1,1101,1.188
398.98,518.04,3.553
421.99,396.02,3.561
965.98,426.03,4.121
1528.1,1070,1.254
765.02,1170,0.911
1019,282.1,4.18
816.03,1244,0.817
1311,707.03,4.195
389.01,1374,0.665
586.99,1045,1.175
1086,1028,1.217
232.03,1210,1.493
1431,1066,1.258
1889,570.02,2.879
608.01,932.03,2.973
811.99,855.01,1.54
307.06,1120,0.898
1387,653.01,4.145
1027,485.05,4.176
482.01,343.05,3.619
908.02,1057,1.275
1589,1388,1.006
800.01,1275,0.772
1232,1010,1.491
614.03,1086,1.012
1457,830,3.996
1476,865.05,3.684
1090,459.03,4.242
351.02,470.02,2.531
1825,621.03,2.932
764.99,365.02,3.914
1019,1320.1,0.781
743.06,1120,1.021
188.04,1199,1.188
794.99,939.02,1.381
302.02,757.02,1.605
920,110.03,4.066
1379,689.03,4.117
1236,849.99,3.006
1470,898.02,3.615
854.94,1215,0.879
820.07,1267,0.787
387,568.01,1.797
1486,1063,1.265
1672,1180.1,1.113
1582,1325,1.016
742.99,1213,0.827
576.01,989.05,2.615
930.99,451.02,4.078
1882,621.03,2.342
691.99,728,3.344
809.98,374.01,3.963
773.98,1240,0.811
1880,1115,2.348
1634,1224,1.045
654,1111,0.962
154.98,1078,1.513
1270,864.01,2.959
196.01,982.03,1.522
943.97,1298,0.788
1853,623.03,2.863
928,505.04,4.07
961.02,128.01,4.102
61.987,899.03,1.5
449.98,480.03,3.564
905.99,410.01,4.062
1787,751.02,2.949
1273,725.03,4.18
921.98,1303,0.771
849.01,1244,0.83
688.01,855.04,3.293
669.01,947,1.918
892.98,1295,0.771
966.01,460.02,4.117
88.041,885.04,1.511
914.03,134.04,4.062
890.03,445.02,4.043
306.99,736.02,1.606
1314,668.02,4.324
875,1280,0.786
906.99,156.04,4.059
1037,254.01,4.191
1825,742.01,2.881
905,182.05,4.059
904.97,1268,0.819
1191,913.05,1.372
328.02,658.04,1.635
247,969.03,1.54
1058,114.04,4.203
299.01,922.03,1.57
373.99,481.03,3.486
1779,1298,1.041
1003,90.042,4.148
1535.9,1105,1.195
995.01,635,4.102
233,772.03,1.569
1373.1,876.04,3.867
801.01,422,3.949
129,577,1.579
1357,733.03,4.121
990.98,242.03,4.145
1015,120,4.156
218.01,1082.1,1.519
1010,472.02,4.16
794,1193,0.887
248,790.03,1.571
830.99,392.02,3.988
1597,1214,1.054
718.01,1145,0.928
580.01,962.04,2.893
253.03,946.02,1.545
309.02,1096,1.206
954,197.02,4.102
909.02,452.03,4.055
421.01,417.04,3.557
36.011,617.01,1.544
404,472.05,3.551
174.02,1025,1.512
938.99,1274,0.818
339.02,809.05,1.637
1846,644.04,2.729
1663,1267,1
1035,189.04,4.188
342.01,771.05,1.683
996.02,111.03,4.141
1014,141.05,4.16
275.03,861.03,1.571
13.975,535.03,1.551
162.97,652.06,1.574
1043,1326,0.782
943,178.03,4.094
35.004,823.02,1.507
195.99,875.02,1.539
924.02,171.03,4.07
152.01,1111,1.503
148.98,1132,1.492
855.01,486.03,3.998
477.02,144.01,3.666
992.01,132.02,4.133
197.99,1055,1.507
860.99,511.05,3.998
962,152.02,4.105
248.03,519.04,1.628
936.01,417.05,4.09
66.929,785.03,1.519
29.004,639,1.537
841.98,425.02,3.99
1491.9,1132,1.134
940.02,215.01,4.09
29.977,516.02,1.58
308.99,631.02,1.628
37.008,711.01,1.524
268.99,577.04,1.626
628.98,1126,0.908
1041,160.06,4.191
274.99,755.03,1.587
66.022,715,1.532
718,1102,1.052
72.992,692.02,1.539
280.03,839,1.573
125.97,779.03,1.542
144.98,688.05,1.561
283.99,730.02,1.598
215,635.02,1.593
1337,1019,1.518
223.02,1058,1.519
169.96,977.01,1.517
67.991,875.04,1.508
1815,781.02,2.248
781,412.03,3.924
187.99,739.98,1.562
208.99,766.03,1.564
10.029,487.02,1.609
909.02,614.02,4.02
99.017,508,1.6
129,515.02,1.601
29.996,547.03,1.562
789.04,373.03,3.936
304.99,653.04,1.62
156.01,842.04,1.536
12.017,793.02,1.481
250,587,1.618
974.01,173.01,4.121
216.01,534.04,1.619
166.02,1171,1.413
1027,652.05,4.133
262.99,606.01,1.616
255.01,833.04,1.567
195.99,609.02,1.593
216.02,871.01,1.549
429,372.02,3.566
226.99,797.04,1.563
331.01,1066,1.536
119.03,643.03,1.563
915.01,204.03,4.07
4.9996,749.01,1.499
189,1081,1.498
67.054,548.99,1.575
192.97,715.02,1.569
163.01,820.02,1.542
620.98,1298,0.679
184.98,549.03,1.607
14.987,464.05,1.629
264.01,1067,1.538
158.99,575.01,1.59
89.008,779.01,1.528
125.97,953.01,1.507
1866,677.02,2.301
1011,233.03,4.168
97.01,951.02,1.519
172.99,1004,1.514
298.01,568.03,1.64
179.99,907.03,1.529
224.03,612.99,1.601
59.03,520.02,1.587
66.027,848.03,1.512
9.984,909.02,1.479
862.02,1193.1,0.925
277.01,682.02,1.604
158.01,734.02,1.556
352.98,508.03,1.808
1299,752.03,4.16
1829,1258,1.047
