number of 3D points: [mean_t] [std_t] [mean_r] [std_r]
EPNP HYBRID UPNP 
0.200000 0.314503 0.781977 0.099236 0.412522 0.138424 0.084844 0.014414 0.010318 0.432315 5.072031 0.182372 3.904336 
0.400000 0.296937 0.403375 0.085627 0.169495 0.187774 0.126001 0.029507 0.021281 0.285836 0.163086 0.062470 0.042309 
0.600000 0.308729 0.541826 0.088466 0.203435 0.240763 0.188737 0.044690 0.032221 0.289489 0.163888 0.064230 0.042983 
0.800000 0.320492 0.448547 0.091785 0.192996 0.299605 0.268537 0.059072 0.042104 0.341155 2.601332 0.094262 1.955937 
1.000000 0.334291 0.430217 0.096019 0.192062 0.358851 0.344969 0.073349 0.053100 0.364315 2.427435 0.111267 2.554323 
1.200000 0.368834 0.761079 0.106647 0.413684 0.454543 1.220203 0.099069 0.511920 0.389343 2.597668 0.130345 2.928488 
1.400000 0.364430 0.427161 0.099480 0.178427 0.490458 0.459614 0.103603 0.073466 0.794804 22.567638 0.193719 4.291692 
1.600000 0.389370 0.608356 0.104893 0.283151 0.548086 0.499256 0.117274 0.081938 0.464933 3.609022 0.133868 2.401470 
1.800000 0.409166 0.416334 0.105821 0.169873 0.628246 0.601194 0.134441 0.096585 0.395099 0.229146 0.081029 0.044626 
2.000000 0.448753 0.671648 0.114408 0.260557 0.684894 0.651344 0.148312 0.104540 0.447128 2.115216 0.110932 1.755393 
2.200000 0.463198 0.520323 0.120010 0.201593 0.731824 0.688785 0.161081 0.112707 0.514265 3.351792 0.147877 2.672445 
2.400000 0.489660 0.593094 0.125089 0.227287 0.815804 0.760436 0.177574 0.128612 0.726484 7.748073 0.272603 4.958747 
2.600000 0.512481 0.787045 0.130776 0.397179 0.894557 1.670109 0.203204 0.901478 0.578521 4.034822 0.167339 3.045275 
2.800000 0.553041 0.704924 0.136479 0.254866 0.945436 0.945980 0.205420 0.146178 0.643783 4.800461 0.198635 3.463094 
3.000000 0.554375 0.607139 0.139104 0.233295 0.993201 1.011091 0.218017 0.153641 0.615063 3.387387 0.192457 3.543654 
3.200000 0.587406 0.590989 0.145660 0.231193 1.115218 1.734578 0.246631 0.474432 0.721886 10.418787 0.137363 1.513635 
3.400000 0.627339 0.883813 0.157209 0.365935 1.139097 1.115065 0.250341 0.178592 0.655596 3.195310 0.162456 2.212592 
3.600000 0.651443 0.821867 0.159765 0.377787 1.229924 1.176294 0.268759 0.191235 0.721761 4.515345 0.209070 3.600047 
3.800000 0.679449 0.742845 0.164741 0.257570 1.353561 2.502509 0.301953 1.107311 0.877137 11.269621 0.230605 3.791349 
4.000000 0.676543 0.581608 0.163569 0.218208 1.327041 1.340277 0.296604 0.213540 0.726302 3.251105 0.176469 2.236934 
