number of 3D points: [mean_t] [std_t] [mean_r] [std_r]
EPNP HYBRID UPNP 
0.200000 0.329982 0.376719 0.088440 0.150398 0.184058 0.129944 0.019809 0.014393 0.401516 2.384719 0.142234 3.245057 
0.400000 0.342127 0.390486 0.095788 0.178252 0.244315 0.188390 0.039140 0.028716 0.533057 5.157254 0.234889 4.548316 
0.600000 0.357489 0.596024 0.094255 0.167267 0.329525 0.300835 0.060357 0.043912 0.409824 2.019719 0.091851 0.580011 
0.800000 0.374842 0.652851 0.101714 0.293322 0.426180 1.268044 0.086487 0.436930 0.470365 3.188012 0.153088 2.934462 
1.000000 0.406954 0.753255 0.104809 0.196064 0.507098 1.376588 0.105861 0.450019 0.590642 7.687979 0.202565 3.997696 
1.200000 0.423322 0.573966 0.113208 0.311056 0.579048 0.558292 0.119425 0.089327 0.660900 7.459746 0.233791 4.175022 
1.400000 0.446931 0.427906 0.112334 0.151309 0.660408 0.632998 0.137255 0.102129 0.499822 2.323505 0.154616 3.049712 
1.600000 0.459039 0.446685 0.112940 0.164173 0.764189 0.788975 0.158798 0.119092 0.608550 4.193285 0.221789 3.935099 
1.800000 0.489720 0.498722 0.121003 0.176871 0.840907 0.804272 0.178698 0.133224 0.561536 3.258686 0.154800 2.560748 
2.000000 0.515420 0.602051 0.123874 0.155679 0.925871 0.913046 0.198749 0.152284 0.599415 3.399376 0.161897 2.651997 
2.200000 0.545891 0.471857 0.131322 0.168444 1.022369 1.014338 0.219720 0.158334 0.566413 0.332712 0.115721 0.061624 
2.400000 0.571810 0.423424 0.135087 0.144508 1.126455 1.231349 0.242185 0.178735 0.647867 2.620839 0.172665 2.602220 
2.600000 0.609269 0.675120 0.143373 0.253847 1.222327 1.200802 0.261920 0.194331 0.674467 2.817902 0.186622 2.940514 
2.800000 0.643158 0.570835 0.153456 0.197294 1.287190 1.331304 0.278563 0.208204 0.730639 3.175709 0.210739 3.266759 
3.000000 0.659520 0.514050 0.155200 0.179592 1.370200 1.317499 0.298116 0.224480 0.745996 2.631152 0.190138 2.715347 
3.200000 0.696694 0.648695 0.163795 0.203369 1.447737 1.518147 0.315301 0.235079 0.813413 4.039867 0.257961 4.208455 
3.400000 0.722822 0.565408 0.167787 0.191052 1.576917 1.597663 0.339418 0.254065 0.769774 2.206623 0.170461 1.664018 
3.600000 0.784836 0.680501 0.183651 0.254851 1.691268 1.746495 0.360016 0.266465 0.964268 8.232293 0.278161 4.420270 
3.800000 0.793886 0.614793 0.190451 0.247351 1.702696 1.626715 0.377572 0.279183 0.937246 4.613653 0.271491 3.680774 
4.000000 0.844120 0.801884 0.197965 0.284204 1.826469 1.865990 0.398496 0.299267 1.004655 5.512301 0.267391 3.389900 
